2025-04-05 20:42:10,331 - INFO - 開始處理音頻文件...
2025-04-05 20:42:10,332 - WARNING - 目錄 baseline 中沒有找到特徵文件
2025-04-05 20:42:10,332 - INFO - 第一階段：創建和驗證配對
2025-04-05 20:42:10,332 - INFO - 正在收集教師音頻文件...
2025-04-05 20:42:10,332 - INFO - 正在收集學生音頻文件...
2025-04-05 20:42:10,334 - INFO - 
配對驗證報告：
2025-04-05 20:42:10,334 - INFO - 總話語數：111
2025-04-05 20:42:10,334 - INFO - 有效配對數：111
2025-04-05 20:42:10,334 - INFO - 無效配對數：0
2025-04-05 20:42:10,334 - INFO - 缺少學生音頻：0
2025-04-05 20:42:10,334 - INFO - 詳細報告已保存至：baseline/pairing_validation_report.json
2025-04-05 20:42:25,552 - INFO - 
第二階段：處理有效配對
2025-04-05 20:42:25,562 - INFO - 
處理批次 1/12
2025-04-05 20:44:52,109 - INFO - 開始處理音頻文件...
2025-04-05 20:44:52,112 - WARNING - 目錄 baseline 中沒有找到特徵文件
2025-04-05 20:44:52,112 - INFO - 第一階段：創建和驗證配對
2025-04-05 20:44:52,112 - INFO - 正在收集教師音頻文件...
2025-04-05 20:44:52,113 - INFO - 正在收集學生音頻文件...
2025-04-05 20:44:52,118 - INFO - 
配對驗證報告：
2025-04-05 20:44:52,118 - INFO - 總話語數：111
2025-04-05 20:44:52,119 - INFO - 有效配對數：111
2025-04-05 20:44:52,119 - INFO - 無效配對數：0
2025-04-05 20:44:52,119 - INFO - 缺少學生音頻：0
2025-04-05 20:44:52,119 - INFO - 詳細報告已保存至：baseline/pairing_validation_report.json
2025-04-05 20:45:53,894 - INFO - 
第二階段：處理有效配對
2025-04-05 20:45:53,900 - INFO - 
處理批次 1/6
2025-04-05 20:53:19,212 - WARNING - 
處理被用戶中斷
2025-04-05 20:53:19,213 - WARNING - 沒有成功處理的配對
